


          SolidWorks Corporation - STEP Processor Error Log
          ______________________________________________________

                       STEP Post Processor
                       ___________________


STEP File Name: C:\Users\samet\Desktop\BLE\yeni\Montaj1.STEP


Yüzeyler baþarýyla bir katý gövdeye iþlendi.
STEP-in tamamlandý.Yüzeyler baþarýyla bir katý gövdeye iþlendi.
STEP-in tamamlandý.Yüzeyler baþarýyla bir katý gövdeye iþlendi.
STEP-in tamamlandý.Yüzeyler baþarýyla bir katý gövdeye iþlendi.
STEP-in tamamlandý.Yüzeyler baþarýyla bir katý gövdeye iþlendi.
STEP-in tamamlandý.Yüzeyler baþarýyla bir katý gövdeye iþlendi.
STEP-in tamamlandý.Yüzeyler baþarýyla bir katý gövdeye iþlendi.
STEP-in tamamlandý.Yüzeyler baþarýyla bir katý gövdeye iþlendi.
STEP-in tamamlandý.Yüzeyler baþarýyla bir katý gövdeye iþlendi.
STEP-in tamamlandý.Yüzeyler baþarýyla bir katý gövdeye iþlendi.
STEP-in tamamlandý.Yüzeyler baþarýyla bir katý gövdeye iþlendi.
STEP-in tamamlandý.Yüzeyler baþarýyla bir katý gövdeye iþlendi.
STEP-in tamamlandý.Yüzeyler baþarýyla bir katý gövdeye iþlendi.
STEP-in tamamlandý.Yüzeyler baþarýyla bir katý gövdeye iþlendi.
STEP-in tamamlandý.Yüzeyler baþarýyla bir katý gövdeye iþlendi.
STEP-in tamamlandý.Yüzeyler baþarýyla bir katý gövdeye iþlendi.
STEP-in tamamlandý.Yüzeyler baþarýyla bir katý gövdeye iþlendi.
STEP-in tamamlandý.Yüzeyler baþarýyla bir katý gövdeye iþlendi.
STEP-in tamamlandý.Yüzeyler baþarýyla bir katý gövdeye iþlendi.
STEP-in tamamlandý.Yüzeyler baþarýyla bir katý gövdeye iþlendi.
STEP-in tamamlandý.Yüzeyler baþarýyla bir katý gövdeye iþlendi.
STEP-in tamamlandý.Yüzeyler baþarýyla bir katý gövdeye iþlendi.
STEP-in tamamlandý.Yüzeyler baþarýyla bir katý gövdeye iþlendi.
STEP-in tamamlandý.Yüzeyler baþarýyla bir katý gövdeye iþlendi.
STEP-in tamamlandý.Yüzeyler baþarýyla bir katý gövdeye iþlendi.
STEP-in tamamlandý.Yüzeyler baþarýyla bir katý gövdeye iþlendi.
STEP-in tamamlandý.Yüzeyler baþarýyla bir katý gövdeye iþlendi.
STEP-in tamamlandý.Yüzeyler baþarýyla bir katý gövdeye iþlendi.
STEP-in tamamlandý.Yüzeyler baþarýyla bir katý gövdeye iþlendi.
STEP-in tamamlandý.Yüzeyler baþarýyla bir katý gövdeye iþlendi.
STEP-in tamamlandý.Yüzeyler baþarýyla bir katý gövdeye iþlendi.
STEP-in tamamlandý.Yüzeyler baþarýyla bir katý gövdeye iþlendi.
STEP-in tamamlandý.Yüzeyler baþarýyla bir katý gövdeye iþlendi.
STEP-in tamamlandý.Yüzeyler baþarýyla bir katý gövdeye iþlendi.
STEP-in tamamlandý.Yüzeyler baþarýyla bir katý gövdeye iþlendi.
STEP-in tamamlandý.Yüzeyler baþarýyla bir katý gövdeye iþlendi.
STEP-in tamamlandý.Yüzeyler baþarýyla bir katý gövdeye iþlendi.
STEP-in tamamlandý.Yüzeyler baþarýyla bir katý gövdeye iþlendi.
STEP-in tamamlandý.Yüzeyler baþarýyla bir katý gövdeye iþlendi.
STEP-in tamamlandý.Yüzeyler baþarýyla bir katý gövdeye iþlendi.
STEP-in tamamlandý.Yüzeyler baþarýyla bir katý gövdeye iþlendi.
STEP-in tamamlandý.Yüzeyler baþarýyla bir katý gövdeye iþlendi.
STEP-in tamamlandý.Yüzeyler baþarýyla bir katý gövdeye iþlendi.
STEP-in tamamlandý.Yüzeyler baþarýyla bir katý gövdeye iþlendi.
STEP-in tamamlandý.Yüzeyler baþarýyla bir katý gövdeye iþlendi.
STEP-in tamamlandý.Yüzeyler baþarýyla bir katý gövdeye iþlendi.
STEP-in tamamlandý.Yüzeyler baþarýyla bir katý gövdeye iþlendi.
STEP-in tamamlandý.Yüzeyler baþarýyla bir katý gövdeye iþlendi.
STEP-in tamamlandý.Yüzeyler baþarýyla bir katý gövdeye iþlendi.
STEP-in tamamlandý.Yüzeyler baþarýyla bir katý gövdeye iþlendi.
STEP-in tamamlandý.Yüzeyler baþarýyla bir katý gövdeye iþlendi.
STEP-in tamamlandý.Yüzeyler baþarýyla bir katý gövdeye iþlendi.
STEP-in tamamlandý.Yüzeyler baþarýyla bir katý gövdeye iþlendi.
STEP-in tamamlandý.Yüzeyler baþarýyla bir katý gövdeye iþlendi.
STEP-in tamamlandý.Yüzeyler baþarýyla bir katý gövdeye iþlendi.
STEP-in tamamlandý.Yüzeyler baþarýyla bir katý gövdeye iþlendi.
STEP-in tamamlandý.Yüzeyler baþarýyla bir katý gövdeye iþlendi.
STEP-in tamamlandý.Yüzeyler baþarýyla bir katý gövdeye iþlendi.
STEP-in tamamlandý.Yüzeyler baþarýyla bir katý gövdeye iþlendi.
STEP-in tamamlandý.Yüzeyler baþarýyla bir katý gövdeye iþlendi.
STEP-in tamamlandý.Yüzeyler baþarýyla bir katý gövdeye iþlendi.
STEP-in tamamlandý.Yüzeyler baþarýyla bir katý gövdeye iþlendi.
STEP-in tamamlandý.Yüzeyler baþarýyla bir katý gövdeye iþlendi.
STEP-in tamamlandý.Yüzeyler baþarýyla bir katý gövdeye iþlendi.
STEP-in tamamlandý.Yüzeyler baþarýyla bir katý gövdeye iþlendi.
STEP-in tamamlandý.Yüzeyler baþarýyla bir katý gövdeye iþlendi.
STEP-in tamamlandý.Yüzeyler baþarýyla bir katý gövdeye iþlendi.
STEP-in tamamlandý.Yüzeyler baþarýyla bir katý gövdeye iþlendi.
STEP-in tamamlandý.Yüzeyler baþarýyla bir katý gövdeye iþlendi.
STEP-in tamamlandý.Yüzeyler baþarýyla bir katý gövdeye iþlendi.
STEP-in tamamlandý.Yüzeyler baþarýyla bir katý gövdeye iþlendi.
STEP-in tamamlandý.Yüzeyler baþarýyla bir katý gövdeye iþlendi.
STEP-in tamamlandý.Yüzeyler baþarýyla bir katý gövdeye iþlendi.
STEP-in tamamlandý.Yüzeyler baþarýyla bir katý gövdeye iþlendi.
STEP-in tamamlandý.Yüzeyler baþarýyla bir katý gövdeye iþlendi.
STEP-in tamamlandý.Yüzeyler baþarýyla bir katý gövdeye iþlendi.
STEP-in tamamlandý.Yüzeyler baþarýyla bir katý gövdeye iþlendi.
STEP-in tamamlandý.Yüzeyler baþarýyla bir katý gövdeye iþlendi.
STEP-in tamamlandý.Yüzeyler baþarýyla bir katý gövdeye iþlendi.
STEP-in tamamlandý.Yüzeyler baþarýyla bir katý gövdeye iþlendi.
STEP-in tamamlandý.Yüzeyler baþarýyla bir katý gövdeye iþlendi.
STEP-in tamamlandý.Yüzeyler baþarýyla bir katý gövdeye iþlendi.
STEP-in tamamlandý.Yüzeyler baþarýyla bir katý gövdeye iþlendi.
STEP-in tamamlandý.Yüzeyler baþarýyla bir katý gövdeye iþlendi.
STEP-in tamamlandý.Yüzeyler baþarýyla bir katý gövdeye iþlendi.
STEP-in tamamlandý.Yüzeyler baþarýyla bir katý gövdeye iþlendi.
STEP-in tamamlandý.Yüzeyler baþarýyla bir katý gövdeye iþlendi.
STEP-in tamamlandý.
Error: Kýrpýlmýþ yüzeylerden katý oluþturulamýyor.
STEP-in baþarýyla tamamlanmadý.
Yüzeyler baþarýyla bir katý gövdeye iþlendi.
STEP-in tamamlandý.Yüzeyler baþarýyla bir katý gövdeye iþlendi.
STEP-in tamamlandý.Yüzeyler baþarýyla bir katý gövdeye iþlendi.
STEP-in tamamlandý.Yüzeyler baþarýyla bir katý gövdeye iþlendi.
STEP-in tamamlandý.Yüzeyler baþarýyla bir katý gövdeye iþlendi.
STEP-in tamamlandý.Yüzeyler baþarýyla bir katý gövdeye iþlendi.
STEP-in tamamlandý.Yüzeyler baþarýyla bir katý gövdeye iþlendi.
STEP-in tamamlandý.Yüzeyler baþarýyla bir katý gövdeye iþlendi.
STEP-in tamamlandý.Yüzeyler baþarýyla bir katý gövdeye iþlendi.
STEP-in tamamlandý.